  dllmain.cpp
  RecursionList.cpp
C:\Users\Ben\Documents\School\Third Year\Fall Semester\Engineering Data Structures\Git Repo\Data-Structs-Labs\Lab04\RecursionList\RecursionList\RecursionList.h(46,15): warning C4251:  'PalindromeByStack::s': class 'std::stack<char,std::deque<_Ty,std::allocator<_Ty>>>' needs to have dll-interface to be used by clients of class 'PalindromeByStack'
C:\Users\Ben\Documents\School\Third Year\Fall Semester\Engineering Data Structures\Git Repo\Data-Structs-Labs\Lab04\RecursionList\RecursionList\RecursionList.h(46,15): warning C4251:         with
C:\Users\Ben\Documents\School\Third Year\Fall Semester\Engineering Data Structures\Git Repo\Data-Structs-Labs\Lab04\RecursionList\RecursionList\RecursionList.h(46,15): warning C4251:         [
C:\Users\Ben\Documents\School\Third Year\Fall Semester\Engineering Data Structures\Git Repo\Data-Structs-Labs\Lab04\RecursionList\RecursionList\RecursionList.h(46,15): warning C4251:             _Ty=char
C:\Users\Ben\Documents\School\Third Year\Fall Semester\Engineering Data Structures\Git Repo\Data-Structs-Labs\Lab04\RecursionList\RecursionList\RecursionList.h(46,15): warning C4251:         ]
C:\Users\Ben\Documents\School\Third Year\Fall Semester\Engineering Data Structures\Git Repo\Data-Structs-Labs\Lab04\RecursionList\RecursionList\RecursionList.h(46): message :  see declaration of 'std::stack<char,std::deque<_Ty,std::allocator<_Ty>>>'
C:\Users\Ben\Documents\School\Third Year\Fall Semester\Engineering Data Structures\Git Repo\Data-Structs-Labs\Lab04\RecursionList\RecursionList\RecursionList.h(46): message :         with
C:\Users\Ben\Documents\School\Third Year\Fall Semester\Engineering Data Structures\Git Repo\Data-Structs-Labs\Lab04\RecursionList\RecursionList\RecursionList.h(46): message :         [
C:\Users\Ben\Documents\School\Third Year\Fall Semester\Engineering Data Structures\Git Repo\Data-Structs-Labs\Lab04\RecursionList\RecursionList\RecursionList.h(46): message :             _Ty=char
C:\Users\Ben\Documents\School\Third Year\Fall Semester\Engineering Data Structures\Git Repo\Data-Structs-Labs\Lab04\RecursionList\RecursionList\RecursionList.h(46): message :         ]
C:\Users\Ben\Documents\School\Third Year\Fall Semester\Engineering Data Structures\Git Repo\Data-Structs-Labs\Lab04\RecursionList\RecursionList\RecursionList.h(50,1): warning C4275:  non dll-interface class 'std::exception' used as base for dll-interface class 'MyException'
C:\Program Files (x86)\Microsoft Visual Studio\2019\Enterprise\VC\Tools\MSVC\14.22.27905\include\vcruntime_exception.h(44): message :  see declaration of 'std::exception'
C:\Users\Ben\Documents\School\Third Year\Fall Semester\Engineering Data Structures\Git Repo\Data-Structs-Labs\Lab04\RecursionList\RecursionList\RecursionList.h(49): message :  see declaration of 'MyException'
C:\Users\Ben\Documents\School\Third Year\Fall Semester\Engineering Data Structures\Git Repo\Data-Structs-Labs\Lab04\RecursionList\RecursionList\RecursionList.h(89,17): warning C4251:  'ChessBoard::col1': class 'std::stack<int,std::deque<_Ty,std::allocator<_Ty>>>' needs to have dll-interface to be used by clients of class 'ChessBoard'
C:\Users\Ben\Documents\School\Third Year\Fall Semester\Engineering Data Structures\Git Repo\Data-Structs-Labs\Lab04\RecursionList\RecursionList\RecursionList.h(89,17): warning C4251:         with
C:\Users\Ben\Documents\School\Third Year\Fall Semester\Engineering Data Structures\Git Repo\Data-Structs-Labs\Lab04\RecursionList\RecursionList\RecursionList.h(89,17): warning C4251:         [
C:\Users\Ben\Documents\School\Third Year\Fall Semester\Engineering Data Structures\Git Repo\Data-Structs-Labs\Lab04\RecursionList\RecursionList\RecursionList.h(89,17): warning C4251:             _Ty=int
C:\Users\Ben\Documents\School\Third Year\Fall Semester\Engineering Data Structures\Git Repo\Data-Structs-Labs\Lab04\RecursionList\RecursionList\RecursionList.h(89,17): warning C4251:         ]
C:\Users\Ben\Documents\School\Third Year\Fall Semester\Engineering Data Structures\Git Repo\Data-Structs-Labs\Lab04\RecursionList\RecursionList\RecursionList.h(89): message :  see declaration of 'std::stack<int,std::deque<_Ty,std::allocator<_Ty>>>'
C:\Users\Ben\Documents\School\Third Year\Fall Semester\Engineering Data Structures\Git Repo\Data-Structs-Labs\Lab04\RecursionList\RecursionList\RecursionList.h(89): message :         with
C:\Users\Ben\Documents\School\Third Year\Fall Semester\Engineering Data Structures\Git Repo\Data-Structs-Labs\Lab04\RecursionList\RecursionList\RecursionList.h(89): message :         [
C:\Users\Ben\Documents\School\Third Year\Fall Semester\Engineering Data Structures\Git Repo\Data-Structs-Labs\Lab04\RecursionList\RecursionList\RecursionList.h(89): message :             _Ty=int
C:\Users\Ben\Documents\School\Third Year\Fall Semester\Engineering Data Structures\Git Repo\Data-Structs-Labs\Lab04\RecursionList\RecursionList\RecursionList.h(89): message :         ]
C:\Users\Ben\Documents\School\Third Year\Fall Semester\Engineering Data Structures\Git Repo\Data-Structs-Labs\Lab04\RecursionList\RecursionList\RecursionList.h(90,17): warning C4251:  'ChessBoard::col2': class 'std::stack<int,std::deque<_Ty,std::allocator<_Ty>>>' needs to have dll-interface to be used by clients of class 'ChessBoard'
C:\Users\Ben\Documents\School\Third Year\Fall Semester\Engineering Data Structures\Git Repo\Data-Structs-Labs\Lab04\RecursionList\RecursionList\RecursionList.h(90,17): warning C4251:         with
C:\Users\Ben\Documents\School\Third Year\Fall Semester\Engineering Data Structures\Git Repo\Data-Structs-Labs\Lab04\RecursionList\RecursionList\RecursionList.h(90,17): warning C4251:         [
C:\Users\Ben\Documents\School\Third Year\Fall Semester\Engineering Data Structures\Git Repo\Data-Structs-Labs\Lab04\RecursionList\RecursionList\RecursionList.h(90,17): warning C4251:             _Ty=int
C:\Users\Ben\Documents\School\Third Year\Fall Semester\Engineering Data Structures\Git Repo\Data-Structs-Labs\Lab04\RecursionList\RecursionList\RecursionList.h(90,17): warning C4251:         ]
C:\Users\Ben\Documents\School\Third Year\Fall Semester\Engineering Data Structures\Git Repo\Data-Structs-Labs\Lab04\RecursionList\RecursionList\RecursionList.h(89): message :  see declaration of 'std::stack<int,std::deque<_Ty,std::allocator<_Ty>>>'
C:\Users\Ben\Documents\School\Third Year\Fall Semester\Engineering Data Structures\Git Repo\Data-Structs-Labs\Lab04\RecursionList\RecursionList\RecursionList.h(89): message :         with
C:\Users\Ben\Documents\School\Third Year\Fall Semester\Engineering Data Structures\Git Repo\Data-Structs-Labs\Lab04\RecursionList\RecursionList\RecursionList.h(89): message :         [
C:\Users\Ben\Documents\School\Third Year\Fall Semester\Engineering Data Structures\Git Repo\Data-Structs-Labs\Lab04\RecursionList\RecursionList\RecursionList.h(89): message :             _Ty=int
C:\Users\Ben\Documents\School\Third Year\Fall Semester\Engineering Data Structures\Git Repo\Data-Structs-Labs\Lab04\RecursionList\RecursionList\RecursionList.h(89): message :         ]
C:\Users\Ben\Documents\School\Third Year\Fall Semester\Engineering Data Structures\Git Repo\Data-Structs-Labs\Lab04\RecursionList\RecursionList\RecursionList.h(91,17): warning C4251:  'ChessBoard::col3': class 'std::stack<int,std::deque<_Ty,std::allocator<_Ty>>>' needs to have dll-interface to be used by clients of class 'ChessBoard'
C:\Users\Ben\Documents\School\Third Year\Fall Semester\Engineering Data Structures\Git Repo\Data-Structs-Labs\Lab04\RecursionList\RecursionList\RecursionList.h(91,17): warning C4251:         with
C:\Users\Ben\Documents\School\Third Year\Fall Semester\Engineering Data Structures\Git Repo\Data-Structs-Labs\Lab04\RecursionList\RecursionList\RecursionList.h(91,17): warning C4251:         [
C:\Users\Ben\Documents\School\Third Year\Fall Semester\Engineering Data Structures\Git Repo\Data-Structs-Labs\Lab04\RecursionList\RecursionList\RecursionList.h(91,17): warning C4251:             _Ty=int
C:\Users\Ben\Documents\School\Third Year\Fall Semester\Engineering Data Structures\Git Repo\Data-Structs-Labs\Lab04\RecursionList\RecursionList\RecursionList.h(91,17): warning C4251:         ]
C:\Users\Ben\Documents\School\Third Year\Fall Semester\Engineering Data Structures\Git Repo\Data-Structs-Labs\Lab04\RecursionList\RecursionList\RecursionList.h(89): message :  see declaration of 'std::stack<int,std::deque<_Ty,std::allocator<_Ty>>>'
C:\Users\Ben\Documents\School\Third Year\Fall Semester\Engineering Data Structures\Git Repo\Data-Structs-Labs\Lab04\RecursionList\RecursionList\RecursionList.h(89): message :         with
C:\Users\Ben\Documents\School\Third Year\Fall Semester\Engineering Data Structures\Git Repo\Data-Structs-Labs\Lab04\RecursionList\RecursionList\RecursionList.h(89): message :         [
C:\Users\Ben\Documents\School\Third Year\Fall Semester\Engineering Data Structures\Git Repo\Data-Structs-Labs\Lab04\RecursionList\RecursionList\RecursionList.h(89): message :             _Ty=int
C:\Users\Ben\Documents\School\Third Year\Fall Semester\Engineering Data Structures\Git Repo\Data-Structs-Labs\Lab04\RecursionList\RecursionList\RecursionList.h(89): message :         ]
C:\Users\Ben\Documents\School\Third Year\Fall Semester\Engineering Data Structures\Git Repo\Data-Structs-Labs\Lab04\RecursionList\RecursionList\RecursionList.h(92,17): warning C4251:  'ChessBoard::col4': class 'std::stack<int,std::deque<_Ty,std::allocator<_Ty>>>' needs to have dll-interface to be used by clients of class 'ChessBoard'
C:\Users\Ben\Documents\School\Third Year\Fall Semester\Engineering Data Structures\Git Repo\Data-Structs-Labs\Lab04\RecursionList\RecursionList\RecursionList.h(92,17): warning C4251:         with
C:\Users\Ben\Documents\School\Third Year\Fall Semester\Engineering Data Structures\Git Repo\Data-Structs-Labs\Lab04\RecursionList\RecursionList\RecursionList.h(92,17): warning C4251:         [
C:\Users\Ben\Documents\School\Third Year\Fall Semester\Engineering Data Structures\Git Repo\Data-Structs-Labs\Lab04\RecursionList\RecursionList\RecursionList.h(92,17): warning C4251:             _Ty=int
C:\Users\Ben\Documents\School\Third Year\Fall Semester\Engineering Data Structures\Git Repo\Data-Structs-Labs\Lab04\RecursionList\RecursionList\RecursionList.h(92,17): warning C4251:         ]
C:\Users\Ben\Documents\School\Third Year\Fall Semester\Engineering Data Structures\Git Repo\Data-Structs-Labs\Lab04\RecursionList\RecursionList\RecursionList.h(89): message :  see declaration of 'std::stack<int,std::deque<_Ty,std::allocator<_Ty>>>'
C:\Users\Ben\Documents\School\Third Year\Fall Semester\Engineering Data Structures\Git Repo\Data-Structs-Labs\Lab04\RecursionList\RecursionList\RecursionList.h(89): message :         with
C:\Users\Ben\Documents\School\Third Year\Fall Semester\Engineering Data Structures\Git Repo\Data-Structs-Labs\Lab04\RecursionList\RecursionList\RecursionList.h(89): message :         [
C:\Users\Ben\Documents\School\Third Year\Fall Semester\Engineering Data Structures\Git Repo\Data-Structs-Labs\Lab04\RecursionList\RecursionList\RecursionList.h(89): message :             _Ty=int
C:\Users\Ben\Documents\School\Third Year\Fall Semester\Engineering Data Structures\Git Repo\Data-Structs-Labs\Lab04\RecursionList\RecursionList\RecursionList.h(89): message :         ]
C:\Users\Ben\Documents\School\Third Year\Fall Semester\Engineering Data Structures\Git Repo\Data-Structs-Labs\Lab04\RecursionList\RecursionList\RecursionList.h(93,17): warning C4251:  'ChessBoard::col5': class 'std::stack<int,std::deque<_Ty,std::allocator<_Ty>>>' needs to have dll-interface to be used by clients of class 'ChessBoard'
C:\Users\Ben\Documents\School\Third Year\Fall Semester\Engineering Data Structures\Git Repo\Data-Structs-Labs\Lab04\RecursionList\RecursionList\RecursionList.h(93,17): warning C4251:         with
C:\Users\Ben\Documents\School\Third Year\Fall Semester\Engineering Data Structures\Git Repo\Data-Structs-Labs\Lab04\RecursionList\RecursionList\RecursionList.h(93,17): warning C4251:         [
C:\Users\Ben\Documents\School\Third Year\Fall Semester\Engineering Data Structures\Git Repo\Data-Structs-Labs\Lab04\RecursionList\RecursionList\RecursionList.h(93,17): warning C4251:             _Ty=int
C:\Users\Ben\Documents\School\Third Year\Fall Semester\Engineering Data Structures\Git Repo\Data-Structs-Labs\Lab04\RecursionList\RecursionList\RecursionList.h(93,17): warning C4251:         ]
C:\Users\Ben\Documents\School\Third Year\Fall Semester\Engineering Data Structures\Git Repo\Data-Structs-Labs\Lab04\RecursionList\RecursionList\RecursionList.h(89): message :  see declaration of 'std::stack<int,std::deque<_Ty,std::allocator<_Ty>>>'
C:\Users\Ben\Documents\School\Third Year\Fall Semester\Engineering Data Structures\Git Repo\Data-Structs-Labs\Lab04\RecursionList\RecursionList\RecursionList.h(89): message :         with
C:\Users\Ben\Documents\School\Third Year\Fall Semester\Engineering Data Structures\Git Repo\Data-Structs-Labs\Lab04\RecursionList\RecursionList\RecursionList.h(89): message :         [
C:\Users\Ben\Documents\School\Third Year\Fall Semester\Engineering Data Structures\Git Repo\Data-Structs-Labs\Lab04\RecursionList\RecursionList\RecursionList.h(89): message :             _Ty=int
C:\Users\Ben\Documents\School\Third Year\Fall Semester\Engineering Data Structures\Git Repo\Data-Structs-Labs\Lab04\RecursionList\RecursionList\RecursionList.h(89): message :         ]
C:\Users\Ben\Documents\School\Third Year\Fall Semester\Engineering Data Structures\Git Repo\Data-Structs-Labs\Lab04\RecursionList\RecursionList\RecursionList.h(94,17): warning C4251:  'ChessBoard::col6': class 'std::stack<int,std::deque<_Ty,std::allocator<_Ty>>>' needs to have dll-interface to be used by clients of class 'ChessBoard'
C:\Users\Ben\Documents\School\Third Year\Fall Semester\Engineering Data Structures\Git Repo\Data-Structs-Labs\Lab04\RecursionList\RecursionList\RecursionList.h(94,17): warning C4251:         with
C:\Users\Ben\Documents\School\Third Year\Fall Semester\Engineering Data Structures\Git Repo\Data-Structs-Labs\Lab04\RecursionList\RecursionList\RecursionList.h(94,17): warning C4251:         [
C:\Users\Ben\Documents\School\Third Year\Fall Semester\Engineering Data Structures\Git Repo\Data-Structs-Labs\Lab04\RecursionList\RecursionList\RecursionList.h(94,17): warning C4251:             _Ty=int
C:\Users\Ben\Documents\School\Third Year\Fall Semester\Engineering Data Structures\Git Repo\Data-Structs-Labs\Lab04\RecursionList\RecursionList\RecursionList.h(94,17): warning C4251:         ]
C:\Users\Ben\Documents\School\Third Year\Fall Semester\Engineering Data Structures\Git Repo\Data-Structs-Labs\Lab04\RecursionList\RecursionList\RecursionList.h(89): message :  see declaration of 'std::stack<int,std::deque<_Ty,std::allocator<_Ty>>>'
C:\Users\Ben\Documents\School\Third Year\Fall Semester\Engineering Data Structures\Git Repo\Data-Structs-Labs\Lab04\RecursionList\RecursionList\RecursionList.h(89): message :         with
C:\Users\Ben\Documents\School\Third Year\Fall Semester\Engineering Data Structures\Git Repo\Data-Structs-Labs\Lab04\RecursionList\RecursionList\RecursionList.h(89): message :         [
C:\Users\Ben\Documents\School\Third Year\Fall Semester\Engineering Data Structures\Git Repo\Data-Structs-Labs\Lab04\RecursionList\RecursionList\RecursionList.h(89): message :             _Ty=int
C:\Users\Ben\Documents\School\Third Year\Fall Semester\Engineering Data Structures\Git Repo\Data-Structs-Labs\Lab04\RecursionList\RecursionList\RecursionList.h(89): message :         ]
C:\Users\Ben\Documents\School\Third Year\Fall Semester\Engineering Data Structures\Git Repo\Data-Structs-Labs\Lab04\RecursionList\RecursionList\RecursionList.h(95,17): warning C4251:  'ChessBoard::col7': class 'std::stack<int,std::deque<_Ty,std::allocator<_Ty>>>' needs to have dll-interface to be used by clients of class 'ChessBoard'
C:\Users\Ben\Documents\School\Third Year\Fall Semester\Engineering Data Structures\Git Repo\Data-Structs-Labs\Lab04\RecursionList\RecursionList\RecursionList.h(95,17): warning C4251:         with
C:\Users\Ben\Documents\School\Third Year\Fall Semester\Engineering Data Structures\Git Repo\Data-Structs-Labs\Lab04\RecursionList\RecursionList\RecursionList.h(95,17): warning C4251:         [
C:\Users\Ben\Documents\School\Third Year\Fall Semester\Engineering Data Structures\Git Repo\Data-Structs-Labs\Lab04\RecursionList\RecursionList\RecursionList.h(95,17): warning C4251:             _Ty=int
C:\Users\Ben\Documents\School\Third Year\Fall Semester\Engineering Data Structures\Git Repo\Data-Structs-Labs\Lab04\RecursionList\RecursionList\RecursionList.h(95,17): warning C4251:         ]
C:\Users\Ben\Documents\School\Third Year\Fall Semester\Engineering Data Structures\Git Repo\Data-Structs-Labs\Lab04\RecursionList\RecursionList\RecursionList.h(89): message :  see declaration of 'std::stack<int,std::deque<_Ty,std::allocator<_Ty>>>'
C:\Users\Ben\Documents\School\Third Year\Fall Semester\Engineering Data Structures\Git Repo\Data-Structs-Labs\Lab04\RecursionList\RecursionList\RecursionList.h(89): message :         with
C:\Users\Ben\Documents\School\Third Year\Fall Semester\Engineering Data Structures\Git Repo\Data-Structs-Labs\Lab04\RecursionList\RecursionList\RecursionList.h(89): message :         [
C:\Users\Ben\Documents\School\Third Year\Fall Semester\Engineering Data Structures\Git Repo\Data-Structs-Labs\Lab04\RecursionList\RecursionList\RecursionList.h(89): message :             _Ty=int
C:\Users\Ben\Documents\School\Third Year\Fall Semester\Engineering Data Structures\Git Repo\Data-Structs-Labs\Lab04\RecursionList\RecursionList\RecursionList.h(89): message :         ]
C:\Users\Ben\Documents\School\Third Year\Fall Semester\Engineering Data Structures\Git Repo\Data-Structs-Labs\Lab04\RecursionList\RecursionList\RecursionList.h(96,17): warning C4251:  'ChessBoard::col8': class 'std::stack<int,std::deque<_Ty,std::allocator<_Ty>>>' needs to have dll-interface to be used by clients of class 'ChessBoard'
C:\Users\Ben\Documents\School\Third Year\Fall Semester\Engineering Data Structures\Git Repo\Data-Structs-Labs\Lab04\RecursionList\RecursionList\RecursionList.h(96,17): warning C4251:         with
C:\Users\Ben\Documents\School\Third Year\Fall Semester\Engineering Data Structures\Git Repo\Data-Structs-Labs\Lab04\RecursionList\RecursionList\RecursionList.h(96,17): warning C4251:         [
C:\Users\Ben\Documents\School\Third Year\Fall Semester\Engineering Data Structures\Git Repo\Data-Structs-Labs\Lab04\RecursionList\RecursionList\RecursionList.h(96,17): warning C4251:             _Ty=int
C:\Users\Ben\Documents\School\Third Year\Fall Semester\Engineering Data Structures\Git Repo\Data-Structs-Labs\Lab04\RecursionList\RecursionList\RecursionList.h(96,17): warning C4251:         ]
C:\Users\Ben\Documents\School\Third Year\Fall Semester\Engineering Data Structures\Git Repo\Data-Structs-Labs\Lab04\RecursionList\RecursionList\RecursionList.h(89): message :  see declaration of 'std::stack<int,std::deque<_Ty,std::allocator<_Ty>>>'
C:\Users\Ben\Documents\School\Third Year\Fall Semester\Engineering Data Structures\Git Repo\Data-Structs-Labs\Lab04\RecursionList\RecursionList\RecursionList.h(89): message :         with
C:\Users\Ben\Documents\School\Third Year\Fall Semester\Engineering Data Structures\Git Repo\Data-Structs-Labs\Lab04\RecursionList\RecursionList\RecursionList.h(89): message :         [
C:\Users\Ben\Documents\School\Third Year\Fall Semester\Engineering Data Structures\Git Repo\Data-Structs-Labs\Lab04\RecursionList\RecursionList\RecursionList.h(89): message :             _Ty=int
C:\Users\Ben\Documents\School\Third Year\Fall Semester\Engineering Data Structures\Git Repo\Data-Structs-Labs\Lab04\RecursionList\RecursionList\RecursionList.h(89): message :         ]
C:\Users\Ben\Documents\School\Third Year\Fall Semester\Engineering Data Structures\Git Repo\Data-Structs-Labs\Lab04\RecursionList\RecursionList\RecursionList.cpp(15,20): warning C4018:  '<': signed/unsigned mismatch
  Generating Code...
C:\Users\Ben\Documents\School\Third Year\Fall Semester\Engineering Data Structures\Git Repo\Data-Structs-Labs\Lab04\RecursionList\RecursionList\RecursionList.cpp(50,20): warning C4018:  '<': signed/unsigned mismatch
C:\Users\Ben\Documents\School\Third Year\Fall Semester\Engineering Data Structures\Git Repo\Data-Structs-Labs\Lab04\RecursionList\RecursionList\RecursionList.cpp(45): warning C4715:  'PalindromeByRecursion::isPalindrome': not all control paths return a value
     Creating library C:\Users\Ben\Documents\School\Third Year\Fall Semester\Engineering Data Structures\Git Repo\Data-Structs-Labs\Lab04\RecursionList\Debug\RECURSIONLIST.lib and object C:\Users\Ben\Documents\School\Third Year\Fall Semester\Engineering Data Structures\Git Repo\Data-Structs-Labs\Lab04\RecursionList\Debug\RECURSIONLIST.exp
RecursionList.obj : error LNK2001: unresolved external symbol "public: virtual bool __thiscall IPalindromeComputer::isPalindrome(class std::basic_string<char,struct std::char_traits<char>,class std::allocator<char> >)" (?isPalindrome@IPalindromeComputer@@UAE_NV?$basic_string@DU?$char_traits@D@std@@V?$allocator@D@2@@std@@@Z)
C:\Users\Ben\Documents\School\Third Year\Fall Semester\Engineering Data Structures\Git Repo\Data-Structs-Labs\Lab04\RecursionList\Debug\RECURSIONLIST.dll : fatal error LNK1120: 1 unresolved externals
