c:\users\patrick\dropbox\ecee2080\week4\recursionlist\recursionlist\debug\vc141.pdb
c:\users\patrick\dropbox\ecee2080\week4\recursionlist\recursionlist\debug\vc141.idb
c:\users\patrick\dropbox\ecee2080\week4\recursionlist\recursionlist\debug\recursionlist.obj
c:\users\patrick\dropbox\ecee2080\week4\recursionlist\recursionlist\debug\dllmain.obj
c:\users\patrick\dropbox\ecee2080\week4\recursionlist\debug\recursionlist.dll
c:\users\patrick\dropbox\ecee2080\week4\recursionlist\debug\recursionlist.ilk
c:\users\patrick\dropbox\ecee2080\week4\recursionlist\debug\recursionlist.pdb
c:\users\patrick\dropbox\ecee2080\week4\recursionlist\debug\recursionlist.lib
c:\users\patrick\dropbox\ecee2080\week4\recursionlist\debug\recursionlist.exp
c:\users\polek\dropbox\ecee2080\topic4\recursionlist\recursionlist\debug\dllmain.obj
c:\users\polek\dropbox\ecee2080\topic4\recursionlist\recursionlist\debug\recursionlist.obj
c:\users\polek\dropbox\ecee2080\topic4\recursionlist\recursionlist\debug\vc141.idb
c:\users\polek\dropbox\ecee2080\topic4\recursionlist\recursionlist\debug\vc141.pdb
c:\users\polek\dropbox\ecee2080\topic4\recursionlist\debug\recursionlist.pdb
c:\users\polek\dropbox\ecee2080\topic4\recursionlist\debug\recursionlist.dll
c:\users\polek\dropbox\ecee2080\topic4\recursionlist\debug\recursionlist.ilk
c:\users\polek\dropbox\ecee2080\topic4\recursionlist\recursionlist\debug\recursionlist.tlog\cl.command.1.tlog
c:\users\polek\dropbox\ecee2080\topic4\recursionlist\recursionlist\debug\recursionlist.tlog\cl.read.1.tlog
c:\users\polek\dropbox\ecee2080\topic4\recursionlist\recursionlist\debug\recursionlist.tlog\cl.write.1.tlog
c:\users\polek\dropbox\ecee2080\topic4\recursionlist\recursionlist\debug\recursionlist.tlog\link.10512.delete.1.tlog
c:\users\polek\dropbox\ecee2080\topic4\recursionlist\recursionlist\debug\recursionlist.tlog\link.11916.delete.1.tlog
c:\users\polek\dropbox\ecee2080\topic4\recursionlist\recursionlist\debug\recursionlist.tlog\link.13016.delete.1.tlog
c:\users\polek\dropbox\ecee2080\topic4\recursionlist\recursionlist\debug\recursionlist.tlog\link.13132.delete.1.tlog
c:\users\polek\dropbox\ecee2080\topic4\recursionlist\recursionlist\debug\recursionlist.tlog\link.13400.delete.1.tlog
c:\users\polek\dropbox\ecee2080\topic4\recursionlist\recursionlist\debug\recursionlist.tlog\link.14368.delete.1.tlog
c:\users\polek\dropbox\ecee2080\topic4\recursionlist\recursionlist\debug\recursionlist.tlog\link.14472.delete.1.tlog
c:\users\polek\dropbox\ecee2080\topic4\recursionlist\recursionlist\debug\recursionlist.tlog\link.15700.delete.1.tlog
c:\users\polek\dropbox\ecee2080\topic4\recursionlist\recursionlist\debug\recursionlist.tlog\link.15756.delete.1.tlog
c:\users\polek\dropbox\ecee2080\topic4\recursionlist\recursionlist\debug\recursionlist.tlog\link.16364.delete.1.tlog
c:\users\polek\dropbox\ecee2080\topic4\recursionlist\recursionlist\debug\recursionlist.tlog\link.2188.delete.1.tlog
c:\users\polek\dropbox\ecee2080\topic4\recursionlist\recursionlist\debug\recursionlist.tlog\link.2544.delete.1.tlog
c:\users\polek\dropbox\ecee2080\topic4\recursionlist\recursionlist\debug\recursionlist.tlog\link.2820.delete.1.tlog
c:\users\polek\dropbox\ecee2080\topic4\recursionlist\recursionlist\debug\recursionlist.tlog\link.3908.delete.1.tlog
c:\users\polek\dropbox\ecee2080\topic4\recursionlist\recursionlist\debug\recursionlist.tlog\link.4024.delete.1.tlog
c:\users\polek\dropbox\ecee2080\topic4\recursionlist\recursionlist\debug\recursionlist.tlog\link.4468.delete.1.tlog
c:\users\polek\dropbox\ecee2080\topic4\recursionlist\recursionlist\debug\recursionlist.tlog\link.5820.delete.1.tlog
c:\users\polek\dropbox\ecee2080\topic4\recursionlist\recursionlist\debug\recursionlist.tlog\link.7968.delete.1.tlog
c:\users\polek\dropbox\ecee2080\topic4\recursionlist\recursionlist\debug\recursionlist.tlog\link.8416.delete.1.tlog
c:\users\polek\dropbox\ecee2080\topic4\recursionlist\recursionlist\debug\recursionlist.tlog\link.9080.delete.1.tlog
c:\users\polek\dropbox\ecee2080\topic4\recursionlist\recursionlist\debug\recursionlist.tlog\link.9336.delete.1.tlog
c:\users\polek\dropbox\ecee2080\topic4\recursionlist\recursionlist\debug\recursionlist.tlog\link.9488.delete.1.tlog
c:\users\polek\dropbox\ecee2080\topic4\recursionlist\recursionlist\debug\recursionlist.tlog\link.9928.delete.1.tlog
c:\users\polek\dropbox\ecee2080\topic4\recursionlist\recursionlist\debug\recursionlist.tlog\link.command.1.tlog
c:\users\polek\dropbox\ecee2080\topic4\recursionlist\recursionlist\debug\recursionlist.tlog\link.delete.1.tlog
c:\users\polek\dropbox\ecee2080\topic4\recursionlist\recursionlist\debug\recursionlist.tlog\link.read.1.tlog
c:\users\polek\dropbox\ecee2080\topic4\recursionlist\recursionlist\debug\recursionlist.tlog\link.write.1.tlog
c:\users\polek\dropbox\ecee2080\topic4\recursionlist\recursionlist\debug\recursionlist.tlog\recursionlist.write.1u.tlog
