c:\users\patrick\dropbox\ecee2080\week4\recursionlist\queensolver\debug\vc141.pdb
c:\users\patrick\dropbox\ecee2080\week4\recursionlist\queensolver\debug\vc141.idb
c:\users\patrick\dropbox\ecee2080\week4\recursionlist\queensolver\debug\queen.obj
c:\users\patrick\dropbox\ecee2080\week4\recursionlist\queensolver\debug\chessboard.obj
c:\users\patrick\dropbox\ecee2080\week4\recursionlist\queensolver\debug\queensolver.obj
c:\users\patrick\dropbox\ecee2080\week4\recursionlist\debug\queensolver.exe
c:\users\patrick\dropbox\ecee2080\week4\recursionlist\debug\queensolver.ilk
c:\users\patrick\dropbox\ecee2080\week4\recursionlist\debug\queensolver.pdb
c:\users\patrick\dropbox\ecee2080\week4\recursionlist\debug\queensolver.lib
c:\users\patrick\dropbox\ecee2080\week4\recursionlist\debug\queensolver.exp
c:\users\polek\dropbox\ecee2080\topic4\recursionlist\queensolver\debug\chessboard.obj
c:\users\polek\dropbox\ecee2080\topic4\recursionlist\queensolver\debug\queen.obj
c:\users\polek\dropbox\ecee2080\topic4\recursionlist\queensolver\debug\queensolver.obj
c:\users\polek\dropbox\ecee2080\topic4\recursionlist\queensolver\debug\vc141.idb
c:\users\polek\dropbox\ecee2080\topic4\recursionlist\queensolver\debug\vc141.pdb
c:\users\polek\dropbox\ecee2080\topic4\recursionlist\debug\queensolver.pdb
c:\users\polek\dropbox\ecee2080\topic4\recursionlist\debug\queensolver.exe
c:\users\polek\dropbox\ecee2080\topic4\recursionlist\debug\queensolver.ilk
c:\users\polek\dropbox\ecee2080\topic4\recursionlist\queensolver\debug\queensolver.tlog\cl.command.1.tlog
c:\users\polek\dropbox\ecee2080\topic4\recursionlist\queensolver\debug\queensolver.tlog\cl.read.1.tlog
c:\users\polek\dropbox\ecee2080\topic4\recursionlist\queensolver\debug\queensolver.tlog\cl.write.1.tlog
c:\users\polek\dropbox\ecee2080\topic4\recursionlist\queensolver\debug\queensolver.tlog\link.14748.delete.1.tlog
c:\users\polek\dropbox\ecee2080\topic4\recursionlist\queensolver\debug\queensolver.tlog\link.15648.delete.1.tlog
c:\users\polek\dropbox\ecee2080\topic4\recursionlist\queensolver\debug\queensolver.tlog\link.15800.delete.1.tlog
c:\users\polek\dropbox\ecee2080\topic4\recursionlist\queensolver\debug\queensolver.tlog\link.15968.delete.1.tlog
c:\users\polek\dropbox\ecee2080\topic4\recursionlist\queensolver\debug\queensolver.tlog\link.command.1.tlog
c:\users\polek\dropbox\ecee2080\topic4\recursionlist\queensolver\debug\queensolver.tlog\link.read.1.tlog
c:\users\polek\dropbox\ecee2080\topic4\recursionlist\queensolver\debug\queensolver.tlog\link.write.1.tlog
c:\users\polek\dropbox\ecee2080\topic4\recursionlist\queensolver\debug\queensolver.tlog\queensolver.write.1u.tlog
