  stdafx.cpp
  dllmain.cpp
  Lab01DLL.cpp
C:\Users\Christopher\Desktop\College\Data Structures\Lab01\Lab01\Lab01DLL\Lab01DLL.h(67,26): warning C4251:  'Deck::m_deck': class 'std::vector<Card,std::allocator<_Ty>>' needs to have dll-interface to be used by clients of class 'Deck'
C:\Users\Christopher\Desktop\College\Data Structures\Lab01\Lab01\Lab01DLL\Lab01DLL.h(67,26): warning C4251:         with
C:\Users\Christopher\Desktop\College\Data Structures\Lab01\Lab01\Lab01DLL\Lab01DLL.h(67,26): warning C4251:         [
C:\Users\Christopher\Desktop\College\Data Structures\Lab01\Lab01\Lab01DLL\Lab01DLL.h(67,26): warning C4251:             _Ty=Card
C:\Users\Christopher\Desktop\College\Data Structures\Lab01\Lab01\Lab01DLL\Lab01DLL.h(67,26): warning C4251:         ]
C:\Users\Christopher\Desktop\College\Data Structures\Lab01\Lab01\Lab01DLL\Lab01DLL.h(67): message :  see declaration of 'std::vector<Card,std::allocator<_Ty>>'
C:\Users\Christopher\Desktop\College\Data Structures\Lab01\Lab01\Lab01DLL\Lab01DLL.h(67): message :         with
C:\Users\Christopher\Desktop\College\Data Structures\Lab01\Lab01\Lab01DLL\Lab01DLL.h(67): message :         [
C:\Users\Christopher\Desktop\College\Data Structures\Lab01\Lab01\Lab01DLL\Lab01DLL.h(67): message :             _Ty=Card
C:\Users\Christopher\Desktop\College\Data Structures\Lab01\Lab01\Lab01DLL\Lab01DLL.h(67): message :         ]
C:\Users\Christopher\Desktop\College\Data Structures\Lab01\Lab01\Lab01DLL\Lab01DLL.h(83,27): warning C4251:  'BlackJackHand::m_hand': class 'std::vector<Card,std::allocator<_Ty>>' needs to have dll-interface to be used by clients of class 'BlackJackHand'
C:\Users\Christopher\Desktop\College\Data Structures\Lab01\Lab01\Lab01DLL\Lab01DLL.h(83,27): warning C4251:         with
C:\Users\Christopher\Desktop\College\Data Structures\Lab01\Lab01\Lab01DLL\Lab01DLL.h(83,27): warning C4251:         [
C:\Users\Christopher\Desktop\College\Data Structures\Lab01\Lab01\Lab01DLL\Lab01DLL.h(83,27): warning C4251:             _Ty=Card
C:\Users\Christopher\Desktop\College\Data Structures\Lab01\Lab01\Lab01DLL\Lab01DLL.h(83,27): warning C4251:         ]
  Generating Code...
C:\Users\Christopher\Desktop\College\Data Structures\Lab01\Lab01\Lab01DLL\Lab01DLL.h(67): message :  see declaration of 'std::vector<Card,std::allocator<_Ty>>'
C:\Users\Christopher\Desktop\College\Data Structures\Lab01\Lab01\Lab01DLL\Lab01DLL.h(67): message :         with
C:\Users\Christopher\Desktop\College\Data Structures\Lab01\Lab01\Lab01DLL\Lab01DLL.h(67): message :         [
C:\Users\Christopher\Desktop\College\Data Structures\Lab01\Lab01\Lab01DLL\Lab01DLL.h(67): message :             _Ty=Card
C:\Users\Christopher\Desktop\College\Data Structures\Lab01\Lab01\Lab01DLL\Lab01DLL.h(67): message :         ]
     Creating library C:\Users\Christopher\Desktop\College\Data Structures\Lab01\Lab01\x64\Debug\LAB01DLL.lib and object C:\Users\Christopher\Desktop\College\Data Structures\Lab01\Lab01\x64\Debug\LAB01DLL.exp
  Lab01DLL.vcxproj -> C:\Users\Christopher\Desktop\College\Data Structures\Lab01\Lab01\x64\Debug\LAB01DLL.dll
