c:\users\polek\dropbox\ecee2080\topic1\lab01\lab01dll\x64\debug\lab01dll.pch
c:\users\polek\dropbox\ecee2080\topic1\lab01\lab01dll\x64\debug\vc142.pdb
c:\users\polek\dropbox\ecee2080\topic1\lab01\lab01dll\x64\debug\vc142.idb
c:\users\polek\dropbox\ecee2080\topic1\lab01\lab01dll\x64\debug\stdafx.obj
c:\users\polek\dropbox\ecee2080\topic1\lab01\lab01dll\x64\debug\lab01dll.obj
c:\users\polek\dropbox\ecee2080\topic1\lab01\lab01dll\x64\debug\dllmain.obj
c:\users\polek\dropbox\ecee2080\topic1\lab01\x64\debug\lab01dll.lib
c:\users\polek\dropbox\ecee2080\topic1\lab01\x64\debug\lab01dll.exp
c:\users\polek\dropbox\ecee2080\topic1\lab01\x64\debug\lab01dll.ilk
c:\users\polek\dropbox\ecee2080\topic1\lab01\x64\debug\lab01dll.dll
c:\users\polek\dropbox\ecee2080\topic1\lab01\x64\debug\lab01dll.pdb
c:\users\polek\dropbox\ecee2080\topic1\lab01\lab01dll\x64\debug\vc141.idb
c:\users\polek\dropbox\ecee2080\topic1\lab01\lab01dll\x64\debug\vc141.pdb
c:\users\polek\dropbox\ecee2080\topic1\lab01\lab01dll\x64\debug\lab01dll.tlog\cl.command.1.tlog
c:\users\polek\dropbox\ecee2080\topic1\lab01\lab01dll\x64\debug\lab01dll.tlog\cl.read.1.tlog
c:\users\polek\dropbox\ecee2080\topic1\lab01\lab01dll\x64\debug\lab01dll.tlog\cl.write.1.tlog
c:\users\polek\dropbox\ecee2080\topic1\lab01\lab01dll\x64\debug\lab01dll.tlog\lab01dll.write.1u.tlog
c:\users\polek\dropbox\ecee2080\topic1\lab01\lab01dll\x64\debug\lab01dll.tlog\link.12168.delete.1.tlog
c:\users\polek\dropbox\ecee2080\topic1\lab01\lab01dll\x64\debug\lab01dll.tlog\link.5976.delete.1.tlog
c:\users\polek\dropbox\ecee2080\topic1\lab01\lab01dll\x64\debug\lab01dll.tlog\link.8968.delete.1.tlog
c:\users\polek\dropbox\ecee2080\topic1\lab01\lab01dll\x64\debug\lab01dll.tlog\link.command.1.tlog
c:\users\polek\dropbox\ecee2080\topic1\lab01\lab01dll\x64\debug\lab01dll.tlog\link.delete.1.tlog
c:\users\polek\dropbox\ecee2080\topic1\lab01\lab01dll\x64\debug\lab01dll.tlog\link.read.1.tlog
c:\users\polek\dropbox\ecee2080\topic1\lab01\lab01dll\x64\debug\lab01dll.tlog\link.write.1.tlog
